<?xml version="1.0" encoding="UTF-8"?>
<testsuite name="PetStore.SwaggerPetstoreTestSuite" tests="14" failures="0" errors="0" time="34.39"><properties><property name="java.specification.version" value="17"/><property name="sun.cpu.isalist" value="amd64"/><property name="sun.jnu.encoding" value="Cp1252"/><property name="java.class.path" value="C:\Users\User\.p2\pool\plugins\org.eclipse.m2e.maven.runtime_3.9.100.20230519-1558\jars\plexus-classworlds-2.6.0.jar"/><property name="sun.awt.enableExtraMouseButtons" value="true"/><property name="java.vm.vendor" value="Oracle Corporation"/><property name="sun.arch.data.model" value="64"/><property name="user.variant" value=""/><property name="java.vendor.url" value="https://java.oracle.com/"/><property name="user.timezone" value="Europe/Paris"/><property name="java.vm.specification.version" value="17"/><property name="os.name" value="Windows 10"/><property name="sun.java.launcher" value="SUN_STANDARD"/><property name="user.country" value="FR"/><property name="sun.boot.library.path" value="C:\Program Files\Java\jdk-17\bin"/><property name="sun.java.command" value="org.codehaus.plexus.classworlds.launcher.Launcher -B -Dstyle.color=always test"/><property name="jdk.debug" value="release"/><property name="maven.home" value="C:\Users\User\eclipse-workspace\SoapUiprohet\EMBEDDED"/><property name="sun.cpu.endian" value="little"/><property name="user.home" value="C:\Users\User"/><property name="user.language" value="fr"/><property name="java.specification.vendor" value="Oracle Corporation"/><property name="jansi.mode" value="force"/><property name="java.version.date" value="2023-04-18"/><property name="java.home" value="C:\Program Files\Java\jdk-17"/><property name="file.separator" value="\"/><property name="style.color" value="always"/><property name="java.vm.compressedOopsMode" value="Zero based"/><property name="line.separator" value="
"/><property name="java.vm.specification.vendor" value="Oracle Corporation"/><property name="java.specification.name" value="Java Platform API Specification"/><property name="soapui.browser.disabled" value="true"/><property name="user.script" value=""/><property name="sun.management.compiler" value="HotSpot 64-Bit Tiered Compilers"/><property name="java.runtime.version" value="17.0.7+8-LTS-224"/><property name="user.name" value="User"/><property name="path.separator" value=";"/><property name="os.version" value="10.0"/><property name="java.runtime.name" value="Java(TM) SE Runtime Environment"/><property name="file.encoding" value="UTF-8"/><property name="guice.disable.misplaced.annotation.check" value="true"/><property name="java.vm.name" value="Java HotSpot(TM) 64-Bit Server VM"/><property name="java.vendor.url.bug" value="https://bugreport.java.com/bugreport/"/><property name="java.io.tmpdir" value="C:\Users\User\AppData\Local\Temp\"/><property name="java.version" value="17.0.7"/><property name="user.dir" value="C:\Users\User\eclipse-workspace\SoapUiprohet"/><property name="os.arch" value="amd64"/><property name="maven.multiModuleProjectDirectory" value="C:\Users\User\eclipse-workspace\SoapUiprohet"/><property name="java.vm.specification.name" value="Java Virtual Machine Specification"/><property name="sun.os.patch.level" value=""/><property name="m2e.build.project.data.socket.port" value="57263"/><property name="native.encoding" value="Cp1252"/><property name="java.library.path" value="C:\Program Files\Java\jdk-17\bin;C:\Windows\Sun\Java\bin;C:\Windows\system32;C:\Windows;C:\Program Files\Common Files\Oracle\Java\javapath;C:\Windows\system32;C:\Windows;C:\Windows\System32\Wbem;C:\Windows\System32\WindowsPowerShell\v1.0\;C:\Windows\System32\OpenSSH\;C:\Program Files (x86)\NVIDIA Corporation\PhysX\Common;C:\Program Files\NVIDIA Corporation\NVIDIA NvDLISR;C:\Program Files\nodejs\;C:\Program Files\Git\bin;C:\Program Files (x86)\apache-maven-3.9.3\bin;C:\Users\User\AppData\Local\Microsoft\WindowsApps;C:\Users\User\AppData\Roaming\npm;C:\Users\User\AppData\Local\Programs\Microsoft VS Code\bin;C:\Program Files\Git\bin;;."/><property name="java.vm.info" value="mixed mode, sharing"/><property name="java.vendor" value="Oracle Corporation"/><property name="java.vm.version" value="17.0.7+8-LTS-224"/><property name="classworlds.conf" value="C:\Users\User\eclipse-workspace\.metadata\.plugins\org.eclipse.m2e.launching\launches\m2conf4945629075321106239.tmp"/><property name="sun.io.unicode.encoding" value="UnicodeLittle"/><property name="java.class.version" value="61.0"/></properties><testcase name="/pet/{petId}/uploadImage TestCase" time="4.744"/><testcase name="/pet TestCase" time="24.109"/><testcase name="/pet/findByStatus TestCase" time="0.54"/><testcase name="/pet/findByTags TestCase" time="0.324"/><testcase name="/pet/{petId} TestCase" time="1.724"/><testcase name="/store/order TestCase" time="0.329"/><testcase name="/store/order/{orderId} TestCase" time="0.962"/><testcase name="/store/inventory TestCase" time="0.437"/><testcase name="/user/createWithArray TestCase" time="0.149"/><testcase name="/user/createWithList TestCase" time="0.156"/><testcase name="/user/{username} TestCase" time="0.466"/><testcase name="/user/login TestCase" time="0.152"/><testcase name="/user/logout TestCase" time="0.15"/><testcase name="/user TestCase" time="0.148"/></testsuite>