<?xml version="1.0" encoding="UTF-8"?>
<testsuite name="PetStore.SwaggerPetstoreTestSuite" tests="14" failures="0" errors="0" time="5.222"><properties><property name="java.specification.version" value="17"/><property name="sun.cpu.isalist" value="amd64"/><property name="sun.jnu.encoding" value="Cp1252"/><property name="java.class.path" value="C:\\Program Files (x86)\\apache-maven-3.9.3\\boot\\plexus-classworlds-2.7.0.jar"/><property name="sun.awt.enableExtraMouseButtons" value="true"/><property name="java.vm.vendor" value="Oracle Corporation"/><property name="sun.arch.data.model" value="64"/><property name="user.variant" value=""/><property name="java.vendor.url" value="https://java.oracle.com/"/><property name="user.timezone" value="Europe/Paris"/><property name="maven.conf" value="C:\\Program Files (x86)\\apache-maven-3.9.3/conf"/><property name="java.vm.specification.version" value="17"/><property name="os.name" value="Windows 10"/><property name="sun.java.launcher" value="SUN_STANDARD"/><property name="user.country" value="FR"/><property name="sun.boot.library.path" value="C:\Program Files\Java\jdk-17\bin"/><property name="sun.java.command" value="org.codehaus.plexus.classworlds.launcher.Launcher clean test"/><property name="jdk.debug" value="release"/><property name="maven.home" value="C:\Program Files (x86)\apache-maven-3.9.3"/><property name="sun.cpu.endian" value="little"/><property name="user.home" value="C:\Users\User"/><property name="user.language" value="fr"/><property name="sun.stderr.encoding" value="cp850"/><property name="java.specification.vendor" value="Oracle Corporation"/><property name="java.version.date" value="2023-04-18"/><property name="java.home" value="C:\Program Files\Java\jdk-17"/><property name="file.separator" value="\"/><property name="java.vm.compressedOopsMode" value="Zero based"/><property name="line.separator" value="
"/><property name="sun.stdout.encoding" value="cp850"/><property name="java.vm.specification.vendor" value="Oracle Corporation"/><property name="java.specification.name" value="Java Platform API Specification"/><property name="soapui.browser.disabled" value="true"/><property name="user.script" value=""/><property name="sun.management.compiler" value="HotSpot 64-Bit Tiered Compilers"/><property name="java.runtime.version" value="17.0.7+8-LTS-224"/><property name="user.name" value="User"/><property name="path.separator" value=";"/><property name="os.version" value="10.0"/><property name="java.runtime.name" value="Java(TM) SE Runtime Environment"/><property name="file.encoding" value="Cp1252"/><property name="guice.disable.misplaced.annotation.check" value="true"/><property name="java.vm.name" value="Java HotSpot(TM) 64-Bit Server VM"/><property name="java.vendor.url.bug" value="https://bugreport.java.com/bugreport/"/><property name="java.io.tmpdir" value="C:\Users\User\AppData\Local\Temp\"/><property name="java.version" value="17.0.7"/><property name="user.dir" value="C:\Users\User\eclipse-workspace\SoapUiprohet"/><property name="os.arch" value="amd64"/><property name="maven.multiModuleProjectDirectory" value="C:\\Users\\User\\eclipse-workspace\\SoapUiprohet"/><property name="java.vm.specification.name" value="Java Virtual Machine Specification"/><property name="sun.os.patch.level" value=""/><property name="native.encoding" value="Cp1252"/><property name="java.library.path" value="C:\Program Files\Java\jdk-17\bin;C:\Windows\Sun\Java\bin;C:\Windows\system32;C:\Windows;C:\Program Files\Common Files\Oracle\Java\javapath;C:\Windows\system32;C:\Windows;C:\Windows\System32\Wbem;C:\Windows\System32\WindowsPowerShell\v1.0\;C:\Windows\System32\OpenSSH\;C:\Program Files (x86)\NVIDIA Corporation\PhysX\Common;C:\Program Files\NVIDIA Corporation\NVIDIA NvDLISR;C:\Program Files\nodejs\;C:\Program Files\Git\bin;C:\Program Files (x86)\apache-maven-3.9.3\bin;C:\Users\User\AppData\Local\Microsoft\WindowsApps;C:\Users\User\AppData\Roaming\npm;C:\Users\User\AppData\Local\Programs\Microsoft VS Code\bin;C:\Program Files\Git\bin;;."/><property name="java.vm.info" value="mixed mode, sharing"/><property name="java.vendor" value="Oracle Corporation"/><property name="java.vm.version" value="17.0.7+8-LTS-224"/><property name="classworlds.conf" value="C:\\Program Files (x86)\\apache-maven-3.9.3\\bin\\m2.conf"/><property name="sun.io.unicode.encoding" value="UnicodeLittle"/><property name="library.jansi.path" value="C:\\Program Files (x86)\\apache-maven-3.9.3\\lib\\jansi-native"/><property name="java.class.version" value="61.0"/></properties><testcase name="/pet/{petId}/uploadImage TestCase" time="0.907"/><testcase name="/pet TestCase" time="0.759"/><testcase name="/pet/findByStatus TestCase" time="0.203"/><testcase name="/pet/findByTags TestCase" time="0.165"/><testcase name="/pet/{petId} TestCase" time="0.578"/><testcase name="/store/order TestCase" time="0.204"/><testcase name="/store/order/{orderId} TestCase" time="0.406"/><testcase name="/store/inventory TestCase" time="0.204"/><testcase name="/user/createWithArray TestCase" time="0.308"/><testcase name="/user/createWithList TestCase" time="0.203"/><testcase name="/user/{username} TestCase" time="0.576"/><testcase name="/user/login TestCase" time="0.318"/><testcase name="/user/logout TestCase" time="0.198"/><testcase name="/user TestCase" time="0.193"/></testsuite>